<?xml version="1.0" encoding="UTF-8"?>
<testng-results skipped="0" failed="0" ignored="0" total="1" passed="1">
  <reporter-output>
  </reporter-output>
  <suite name="Default suite" duration-ms="13680" started-at="2022-11-01T18:51:36Z" finished-at="2022-11-01T18:51:50Z">
    <groups>
    </groups>
    <test name="Default test" duration-ms="13680" started-at="2022-11-01T18:51:36Z" finished-at="2022-11-01T18:51:50Z">
      <class name="AZ.AtoZ.AzonSRC">
        <test-method status="PASS" signature="beforeTest()[pri:0, instance:AZ.AtoZ.AzonSRC@2f686d1f]" name="beforeTest" is-config="true" duration-ms="9756" started-at="2022-11-01T18:51:36Z" finished-at="2022-11-01T18:51:46Z">
          <reporter-output>
          </reporter-output>
        </test-method> <!-- beforeTest -->
        <test-method status="PASS" signature="f()[pri:0, instance:AZ.AtoZ.AzonSRC@2f686d1f]" name="f" duration-ms="3731" started-at="2022-11-01T18:51:46Z" finished-at="2022-11-01T18:51:50Z">
          <reporter-output>
          </reporter-output>
        </test-method> <!-- f -->
        <test-method status="PASS" signature="afterTest()[pri:0, instance:AZ.AtoZ.AzonSRC@2f686d1f]" name="afterTest" is-config="true" duration-ms="174" started-at="2022-11-01T18:51:50Z" finished-at="2022-11-01T18:51:50Z">
          <reporter-output>
          </reporter-output>
        </test-method> <!-- afterTest -->
      </class> <!-- AZ.AtoZ.AzonSRC -->
    </test> <!-- Default test -->
  </suite> <!-- Default suite -->
</testng-results>
